[2026-04-20T11:34:17.776+0000] {taskinstance.py:1956} INFO - Dependencies all met for dep_context=non-requeueable deps ti=<TaskInstance: api_to_kafka.log_ingestion scheduled__2026-04-19T00:00:00+00:00 [queued]>
[2026-04-20T11:34:17.785+0000] {taskinstance.py:1956} INFO - Dependencies all met for dep_context=requeueable deps ti=<TaskInstance: api_to_kafka.log_ingestion scheduled__2026-04-19T00:00:00+00:00 [queued]>
[2026-04-20T11:34:17.786+0000] {taskinstance.py:2170} INFO - Starting attempt 2 of 3
[2026-04-20T11:34:17.806+0000] {taskinstance.py:2191} INFO - Executing <Task(PythonOperator): log_ingestion> on 2026-04-19 00:00:00+00:00
[2026-04-20T11:34:17.816+0000] {standard_task_runner.py:60} INFO - Started process 287 to run task
[2026-04-20T11:34:17.821+0000] {standard_task_runner.py:87} INFO - Running: ['airflow', 'tasks', 'run', 'api_to_kafka', 'log_ingestion', 'scheduled__2026-04-19T00:00:00+00:00', '--job-id', '4', '--raw', '--subdir', 'DAGS_FOLDER/dag.py', '--cfg-path', '/tmp/tmp5i05xu3c']
[2026-04-20T11:34:17.827+0000] {standard_task_runner.py:88} INFO - Job 4: Subtask log_ingestion
[2026-04-20T11:34:17.917+0000] {task_command.py:423} INFO - Running <TaskInstance: api_to_kafka.log_ingestion scheduled__2026-04-19T00:00:00+00:00 [running]> on host 7e6edf166a08
[2026-04-20T11:34:17.989+0000] {taskinstance.py:2480} INFO - Exporting env vars: AIRFLOW_CTX_DAG_OWNER='airflow' AIRFLOW_CTX_DAG_ID='api_to_kafka' AIRFLOW_CTX_TASK_ID='log_ingestion' AIRFLOW_CTX_EXECUTION_DATE='2026-04-19T00:00:00+00:00' AIRFLOW_CTX_TRY_NUMBER='2' AIRFLOW_CTX_DAG_RUN_ID='scheduled__2026-04-19T00:00:00+00:00'
[2026-04-20T11:34:17.993+0000] {taskinstance.py:2698} ERROR - Task failed with exception
Traceback (most recent call last):
  File "/home/airflow/.local/lib/python3.8/site-packages/airflow/models/taskinstance.py", line 433, in _execute_task
    result = execute_callable(context=context, **execute_callable_kwargs)
  File "/home/airflow/.local/lib/python3.8/site-packages/airflow/operators/python.py", line 199, in execute
    return_value = self.execute_callable()
  File "/home/airflow/.local/lib/python3.8/site-packages/airflow/operators/python.py", line 216, in execute_callable
    return self.python_callable(*self.op_args, **self.op_kwargs)
  File "/opt/airflow/dags/scripts/logs.py", line 63, in ingestion
    conn = psycopg2.connect(
  File "/home/airflow/.local/lib/python3.8/site-packages/psycopg2/__init__.py", line 122, in connect
    conn = _connect(dsn, connection_factory=connection_factory, **kwasync)
psycopg2.OperationalError: connection to server at "127.0.0.1", port 5432 failed: Connection refused
	Is the server running on that host and accepting TCP/IP connections?

[2026-04-20T11:34:18.005+0000] {taskinstance.py:1138} INFO - Marking task as UP_FOR_RETRY. dag_id=api_to_kafka, task_id=log_ingestion, execution_date=20260419T000000, start_date=20260420T113417, end_date=20260420T113418
[2026-04-20T11:34:18.023+0000] {standard_task_runner.py:107} ERROR - Failed to execute job 4 for task log_ingestion (connection to server at "127.0.0.1", port 5432 failed: Connection refused
	Is the server running on that host and accepting TCP/IP connections?
; 287)
[2026-04-20T11:34:18.075+0000] {local_task_job_runner.py:234} INFO - Task exited with return code 1
[2026-04-20T11:34:18.095+0000] {taskinstance.py:3280} INFO - 0 downstream tasks scheduled from follow-on schedule check
[2026-04-20T11:45:32.889+0000] {taskinstance.py:1956} INFO - Dependencies all met for dep_context=non-requeueable deps ti=<TaskInstance: api_to_kafka.log_ingestion scheduled__2026-04-19T00:00:00+00:00 [queued]>
[2026-04-20T11:45:32.900+0000] {taskinstance.py:1956} INFO - Dependencies all met for dep_context=requeueable deps ti=<TaskInstance: api_to_kafka.log_ingestion scheduled__2026-04-19T00:00:00+00:00 [queued]>
[2026-04-20T11:45:32.901+0000] {taskinstance.py:2170} INFO - Starting attempt 2 of 3
[2026-04-20T11:45:32.920+0000] {taskinstance.py:2191} INFO - Executing <Task(PythonOperator): log_ingestion> on 2026-04-19 00:00:00+00:00
[2026-04-20T11:45:32.931+0000] {standard_task_runner.py:60} INFO - Started process 290 to run task
[2026-04-20T11:45:32.935+0000] {standard_task_runner.py:87} INFO - Running: ['airflow', 'tasks', 'run', 'api_to_kafka', 'log_ingestion', 'scheduled__2026-04-19T00:00:00+00:00', '--job-id', '4', '--raw', '--subdir', 'DAGS_FOLDER/dag.py', '--cfg-path', '/tmp/tmpfdhfmnwc']
[2026-04-20T11:45:32.938+0000] {standard_task_runner.py:88} INFO - Job 4: Subtask log_ingestion
[2026-04-20T11:43:46.051+0000] {task_command.py:423} INFO - Running <TaskInstance: api_to_kafka.log_ingestion scheduled__2026-04-19T00:00:00+00:00 [running]> on host 65c6c2be50b3
[2026-04-20T11:43:46.122+0000] {taskinstance.py:2480} INFO - Exporting env vars: AIRFLOW_CTX_DAG_OWNER='airflow' AIRFLOW_CTX_DAG_ID='api_to_kafka' AIRFLOW_CTX_TASK_ID='log_ingestion' AIRFLOW_CTX_EXECUTION_DATE='2026-04-19T00:00:00+00:00' AIRFLOW_CTX_TRY_NUMBER='2' AIRFLOW_CTX_DAG_RUN_ID='scheduled__2026-04-19T00:00:00+00:00'
[2026-04-20T11:43:46.125+0000] {taskinstance.py:2698} ERROR - Task failed with exception
Traceback (most recent call last):
  File "/home/airflow/.local/lib/python3.8/site-packages/airflow/models/taskinstance.py", line 433, in _execute_task
    result = execute_callable(context=context, **execute_callable_kwargs)
  File "/home/airflow/.local/lib/python3.8/site-packages/airflow/operators/python.py", line 199, in execute
    return_value = self.execute_callable()
  File "/home/airflow/.local/lib/python3.8/site-packages/airflow/operators/python.py", line 216, in execute_callable
    return self.python_callable(*self.op_args, **self.op_kwargs)
  File "/opt/airflow/dags/scripts/logs.py", line 58, in ingestion
    conn = sqlite3.connect(DB_PATH)
sqlite3.OperationalError: unable to open database file
[2026-04-20T11:43:46.139+0000] {taskinstance.py:1138} INFO - Marking task as UP_FOR_RETRY. dag_id=api_to_kafka, task_id=log_ingestion, execution_date=20260419T000000, start_date=20260420T114532, end_date=20260420T114346
[2026-04-20T11:43:46.156+0000] {standard_task_runner.py:107} ERROR - Failed to execute job 4 for task log_ingestion (unable to open database file; 290)
[2026-04-20T11:43:46.181+0000] {local_task_job_runner.py:234} INFO - Task exited with return code 1
[2026-04-20T11:43:46.199+0000] {taskinstance.py:3280} INFO - 0 downstream tasks scheduled from follow-on schedule check
