[2026-04-20T11:30:51.604+0000] {taskinstance.py:1956} INFO - Dependencies all met for dep_context=non-requeueable deps ti=<TaskInstance: api_to_kafka.log_generator scheduled__2026-04-19T00:00:00+00:00 [queued]>
[2026-04-20T11:30:51.615+0000] {taskinstance.py:1956} INFO - Dependencies all met for dep_context=requeueable deps ti=<TaskInstance: api_to_kafka.log_generator scheduled__2026-04-19T00:00:00+00:00 [queued]>
[2026-04-20T11:30:51.616+0000] {taskinstance.py:2170} INFO - Starting attempt 1 of 3
[2026-04-20T11:30:51.639+0000] {taskinstance.py:2191} INFO - Executing <Task(PythonOperator): log_generator> on 2026-04-19 00:00:00+00:00
[2026-04-20T11:30:51.650+0000] {standard_task_runner.py:60} INFO - Started process 129 to run task
[2026-04-20T11:30:51.655+0000] {standard_task_runner.py:87} INFO - Running: ['airflow', 'tasks', 'run', 'api_to_kafka', 'log_generator', 'scheduled__2026-04-19T00:00:00+00:00', '--job-id', '2', '--raw', '--subdir', 'DAGS_FOLDER/dag.py', '--cfg-path', '/tmp/tmpr6lsml_o']
[2026-04-20T11:30:51.658+0000] {standard_task_runner.py:88} INFO - Job 2: Subtask log_generator
[2026-04-20T11:30:51.745+0000] {task_command.py:423} INFO - Running <TaskInstance: api_to_kafka.log_generator scheduled__2026-04-19T00:00:00+00:00 [running]> on host 7e6edf166a08
[2026-04-20T11:30:51.824+0000] {taskinstance.py:2480} INFO - Exporting env vars: AIRFLOW_CTX_DAG_OWNER='airflow' AIRFLOW_CTX_DAG_ID='api_to_kafka' AIRFLOW_CTX_TASK_ID='log_generator' AIRFLOW_CTX_EXECUTION_DATE='2026-04-19T00:00:00+00:00' AIRFLOW_CTX_TRY_NUMBER='1' AIRFLOW_CTX_DAG_RUN_ID='scheduled__2026-04-19T00:00:00+00:00'
[2026-04-20T11:30:51.827+0000] {python.py:201} INFO - Done. Returned value was: {'ip': '192.168.92.55', 'port': 80, 'timestamp': '2026-04-20 11:30:51', 'bytes': 820, 'protocol': 'TCP', 'attack_type': 'normal'}
[2026-04-20T11:30:51.852+0000] {taskinstance.py:1138} INFO - Marking task as SUCCESS. dag_id=api_to_kafka, task_id=log_generator, execution_date=20260419T000000, start_date=20260420T113051, end_date=20260420T113051
[2026-04-20T11:30:51.909+0000] {local_task_job_runner.py:234} INFO - Task exited with return code 0
[2026-04-20T11:30:51.930+0000] {taskinstance.py:3280} INFO - 1 downstream tasks scheduled from follow-on schedule check
[2026-04-20T11:39:20.764+0000] {taskinstance.py:1956} INFO - Dependencies all met for dep_context=non-requeueable deps ti=<TaskInstance: api_to_kafka.log_generator scheduled__2026-04-19T00:00:00+00:00 [queued]>
[2026-04-20T11:39:20.776+0000] {taskinstance.py:1956} INFO - Dependencies all met for dep_context=requeueable deps ti=<TaskInstance: api_to_kafka.log_generator scheduled__2026-04-19T00:00:00+00:00 [queued]>
[2026-04-20T11:39:20.777+0000] {taskinstance.py:2170} INFO - Starting attempt 1 of 3
[2026-04-20T11:39:20.801+0000] {taskinstance.py:2191} INFO - Executing <Task(PythonOperator): log_generator> on 2026-04-19 00:00:00+00:00
[2026-04-20T11:39:20.813+0000] {standard_task_runner.py:60} INFO - Started process 146 to run task
[2026-04-20T11:39:20.816+0000] {standard_task_runner.py:87} INFO - Running: ['airflow', 'tasks', 'run', 'api_to_kafka', 'log_generator', 'scheduled__2026-04-19T00:00:00+00:00', '--job-id', '2', '--raw', '--subdir', 'DAGS_FOLDER/dag.py', '--cfg-path', '/tmp/tmpuu1_526s']
[2026-04-20T11:39:20.819+0000] {standard_task_runner.py:88} INFO - Job 2: Subtask log_generator
[2026-04-20T11:39:20.888+0000] {task_command.py:423} INFO - Running <TaskInstance: api_to_kafka.log_generator scheduled__2026-04-19T00:00:00+00:00 [running]> on host 65c6c2be50b3
[2026-04-20T11:39:20.952+0000] {taskinstance.py:2480} INFO - Exporting env vars: AIRFLOW_CTX_DAG_OWNER='airflow' AIRFLOW_CTX_DAG_ID='api_to_kafka' AIRFLOW_CTX_TASK_ID='log_generator' AIRFLOW_CTX_EXECUTION_DATE='2026-04-19T00:00:00+00:00' AIRFLOW_CTX_TRY_NUMBER='1' AIRFLOW_CTX_DAG_RUN_ID='scheduled__2026-04-19T00:00:00+00:00'
[2026-04-20T11:39:20.954+0000] {python.py:201} INFO - Done. Returned value was: {'ip': '192.168.243.14', 'port': 80, 'timestamp': '2026-04-20 11:39:20', 'bytes': 3203, 'protocol': 'TCP', 'attack_type': 'normal'}
[2026-04-20T11:39:20.971+0000] {taskinstance.py:1138} INFO - Marking task as SUCCESS. dag_id=api_to_kafka, task_id=log_generator, execution_date=20260419T000000, start_date=20260420T113920, end_date=20260420T113920
[2026-04-20T11:39:21.030+0000] {local_task_job_runner.py:234} INFO - Task exited with return code 0
[2026-04-20T11:39:21.051+0000] {taskinstance.py:3280} INFO - 1 downstream tasks scheduled from follow-on schedule check
[2026-04-20T11:50:23.406+0000] {taskinstance.py:1956} INFO - Dependencies all met for dep_context=non-requeueable deps ti=<TaskInstance: api_to_kafka.log_generator scheduled__2026-04-19T00:00:00+00:00 [queued]>
[2026-04-20T11:50:23.413+0000] {taskinstance.py:1956} INFO - Dependencies all met for dep_context=requeueable deps ti=<TaskInstance: api_to_kafka.log_generator scheduled__2026-04-19T00:00:00+00:00 [queued]>
[2026-04-20T11:50:23.413+0000] {taskinstance.py:2170} INFO - Starting attempt 1 of 3
[2026-04-20T11:50:23.432+0000] {taskinstance.py:2191} INFO - Executing <Task(PythonOperator): log_generator> on 2026-04-19 00:00:00+00:00
[2026-04-20T11:50:23.448+0000] {standard_task_runner.py:60} INFO - Started process 188 to run task
[2026-04-20T11:50:23.452+0000] {standard_task_runner.py:87} INFO - Running: ['airflow', 'tasks', 'run', 'api_to_kafka', 'log_generator', 'scheduled__2026-04-19T00:00:00+00:00', '--job-id', '2', '--raw', '--subdir', 'DAGS_FOLDER/dag.py', '--cfg-path', '/tmp/tmp93ryy7i5']
[2026-04-20T11:50:23.455+0000] {standard_task_runner.py:88} INFO - Job 2: Subtask log_generator
[2026-04-20T11:50:23.530+0000] {task_command.py:423} INFO - Running <TaskInstance: api_to_kafka.log_generator scheduled__2026-04-19T00:00:00+00:00 [running]> on host 44981879eb7f
[2026-04-20T11:50:23.596+0000] {taskinstance.py:2480} INFO - Exporting env vars: AIRFLOW_CTX_DAG_OWNER='airflow' AIRFLOW_CTX_DAG_ID='api_to_kafka' AIRFLOW_CTX_TASK_ID='log_generator' AIRFLOW_CTX_EXECUTION_DATE='2026-04-19T00:00:00+00:00' AIRFLOW_CTX_TRY_NUMBER='1' AIRFLOW_CTX_DAG_RUN_ID='scheduled__2026-04-19T00:00:00+00:00'
[2026-04-20T11:50:23.598+0000] {python.py:201} INFO - Done. Returned value was: {'ip': '192.168.201.61', 'port': 443, 'timestamp': '2026-04-20 11:50:23', 'bytes': 4690, 'protocol': 'TCP', 'attack_type': 'normal'}
[2026-04-20T11:50:23.618+0000] {taskinstance.py:1138} INFO - Marking task as SUCCESS. dag_id=api_to_kafka, task_id=log_generator, execution_date=20260419T000000, start_date=20260420T115023, end_date=20260420T115023
[2026-04-20T11:50:23.667+0000] {local_task_job_runner.py:234} INFO - Task exited with return code 0
[2026-04-20T11:50:23.687+0000] {taskinstance.py:3280} INFO - 1 downstream tasks scheduled from follow-on schedule check
